<?xml version="1.0" encoding="UTF-8"?>
<!-- Generated by org.testng.reporters.JUnitReportReporter -->
<testsuite skipped="1" hostname="KG-GSSL135" name="arunkumar.Test.LoginTestC" tests="2" failures="0" timestamp="2023-02-11T12:40:46 IST" time="8.825" errors="0">
  <testcase name="checkValid" time="8.825" classname="arunkumar.Test.LoginTestC"/>
  <system-out/>
  <testcase name="checkInvalid" classname="arunkumar.Test.LoginTestC">
    <skipped/>
  </testcase> <!-- checkInvalid -->
  <system-out/>
</testsuite> <!-- arunkumar.Test.LoginTestC -->
